  DebugScene01.cpp
C:\C++Files\PrototypeEngine\PrototypeEngine\SDL3-3.2.8\include\SDL3\SDL_version.h(121,9): warning C4005: 'SDL_VERSION': マクロが再定義されました。
  (ソース ファイル 'DebugScene01.cpp' をコンパイルしています)
      C:\C++Files\PrototypeEngine\PrototypeEngine\SDL3-3.2.8\include\SDL3\SDL_version.h(121,9):
      'SDL_VERSION' は以前にコマンド ラインで宣言されています
  
  DebugScene02.cpp
C:\C++Files\PrototypeEngine\PrototypeEngine\SDL3-3.2.8\include\SDL3\SDL_version.h(121,9): warning C4005: 'SDL_VERSION': マクロが再定義されました。
  (ソース ファイル 'DebugScene02.cpp' をコンパイルしています)
      C:\C++Files\PrototypeEngine\PrototypeEngine\SDL3-3.2.8\include\SDL3\SDL_version.h(121,9):
      'SDL_VERSION' は以前にコマンド ラインで宣言されています
  
  InputSystem.cpp
C:\C++Files\PrototypeEngine\PrototypeEngine\SDL3-3.2.8\include\SDL3\SDL_version.h(121,9): warning C4005: 'SDL_VERSION': マクロが再定義されました。
  (ソース ファイル 'InputSystem.cpp' をコンパイルしています)
      C:\C++Files\PrototypeEngine\PrototypeEngine\SDL3-3.2.8\include\SDL3\SDL_version.h(121,9):
      'SDL_VERSION' は以前にコマンド ラインで宣言されています
  
C:\C++Files\PrototypeEngine\PrototypeEngine\InputSystem.cpp(246,6): warning C4244: '=': 'int' から 'float' への変換です。データが失われる可能性があります。
C:\C++Files\PrototypeEngine\PrototypeEngine\InputSystem.cpp(248,45): warning C4244: '引数': 'float' から 'int' への変換です。データが失われる可能性があります。
C:\C++Files\PrototypeEngine\PrototypeEngine\InputSystem.cpp(248,42): warning C4244: '引数': 'float' から 'int' への変換です。データが失われる可能性があります。
C:\C++Files\PrototypeEngine\PrototypeEngine\InputSystem.cpp(252,6): warning C4244: '=': 'int' から 'float' への変換です。データが失われる可能性があります。
C:\C++Files\PrototypeEngine\PrototypeEngine\InputSystem.cpp(254,46): warning C4244: '引数': 'float' から 'int' への変換です。データが失われる可能性があります。
C:\C++Files\PrototypeEngine\PrototypeEngine\InputSystem.cpp(254,43): warning C4244: '引数': 'float' から 'int' への変換です。データが失われる可能性があります。
  PauseMenu.cpp
C:\C++Files\PrototypeEngine\PrototypeEngine\SDL3-3.2.8\include\SDL3\SDL_version.h(121,9): warning C4005: 'SDL_VERSION': マクロが再定義されました。
  (ソース ファイル 'PauseMenu.cpp' をコンパイルしています)
      C:\C++Files\PrototypeEngine\PrototypeEngine\SDL3-3.2.8\include\SDL3\SDL_version.h(121,9):
      'SDL_VERSION' は以前にコマンド ラインで宣言されています
  
  TitleScene.cpp
C:\C++Files\PrototypeEngine\PrototypeEngine\SDL3-3.2.8\include\SDL3\SDL_version.h(121,9): warning C4005: 'SDL_VERSION': マクロが再定義されました。
  (ソース ファイル 'TitleScene.cpp' をコンパイルしています)
      C:\C++Files\PrototypeEngine\PrototypeEngine\SDL3-3.2.8\include\SDL3\SDL_version.h(121,9):
      'SDL_VERSION' は以前にコマンド ラインで宣言されています
  
  コードを生成中...
  SOIL.lib(SOIL.obj) : MSIL .netmodule または /GL を伴ってコンパイルされたモジュールが見つかりました。/LTCG を使用して再開始してください。リンカーのパフォーマンスを向上させるためには、コマンドラインに /LTCG を追加してください。
LINK : warning LNK4075: /INCREMENTAL は /LTCG の指定によって無視されます。
LINK : warning LNK4098: defaultlib 'MSVCRT' は他のライブラリの使用と競合しています。/NODEFAULTLIB:library を使用してください。
  コード生成しています。
  コード生成が終了しました。
SOIL.lib(SOIL.obj) : warning LNK4099: PDB 'SOIL.pdb' が 'SOIL.lib(SOIL.obj)' で、または 'C:\C++Files\PrototypeEngine\SOIL.pdb' に見つかりません。デバッグ情報がないものとして、オブジェクトにリンクします。
SOIL.lib(image_helper.obj) : warning LNK4099: PDB 'SOIL.pdb' が 'SOIL.lib(image_helper.obj)' で、または 'C:\C++Files\PrototypeEngine\SOIL.pdb' に見つかりません。デバッグ情報がないものとして、オブジェクトにリンクします。
SOIL.lib(stb_image_aug.obj) : warning LNK4099: PDB 'SOIL.pdb' が 'SOIL.lib(stb_image_aug.obj)' で、または 'C:\C++Files\PrototypeEngine\SOIL.pdb' に見つかりません。デバッグ情報がないものとして、オブジェクトにリンクします。
SOIL.lib(image_DXT.obj) : warning LNK4099: PDB 'SOIL.pdb' が 'SOIL.lib(image_DXT.obj)' で、または 'C:\C++Files\PrototypeEngine\SOIL.pdb' に見つかりません。デバッグ情報がないものとして、オブジェクトにリンクします。
  PrototypeEngine.vcxproj -> C:\C++Files\PrototypeEngine\PrototypeEngine.exe
